Processing file 1/154: polar_2000_avg_300_omni.dat
Saved DataFrame to polar_2000_avg_300_omni.pkl
Processing file 2/154: goes8_1998_avg_900_omni.dat
Saved DataFrame to goes8_1998_avg_900_omni.pkl
Processing file 3/154: goes10_2001_avg_900_omni.dat
Saved DataFrame to goes10_2001_avg_900_omni.pkl
Processing file 4/154: cluster2_2012_avg_300_omni.dat
Saved DataFrame to cluster2_2012_avg_300_omni.pkl
Processing file 5/154: cluster4_2008_avg_300_omni.dat
Saved DataFrame to cluster4_2008_avg_300_omni.pkl
Processing file 6/154: rbspa_2015_avg_300_omni.dat
Saved DataFrame to rbspa_2015_avg_300_omni.pkl
Processing file 7/154: themisc_2011_avg_300_omni.dat
Saved DataFrame to themisc_2011_avg_300_omni.pkl
Processing file 8/154: themise_2014_avg_300_omni.dat
Saved DataFrame to themise_2014_avg_300_omni.pkl
Processing file 9/154: imp8_1999_avg_900_omni.dat
Saved DataFrame to imp8_1999_avg_900_omni.pkl
Processing file 10/154: cluster3_2010_avg_300_omni.dat
Saved DataFrame to cluster3_2010_avg_300_omni.pkl
Processing file 11/154: themisd_2009_avg_300_omni.dat
Saved DataFrame to themisd_2009_avg_300_omni.pkl
Processing file 12/154: cluster4_2003_avg_300_omni.dat
Saved DataFrame to cluster4_2003_avg_300_omni.pkl
Processing file 13/154: goes12_2005_avg_900_omni.dat
Saved DataFrame to goes12_2005_avg_900_omni.pkl
Processing file 14/154: goes8_2002_avg_900_omni.dat
Saved DataFrame to goes8_2002_avg_900_omni.pkl
Processing file 15/154: themisa_2015_avg_300_omni.dat
Saved DataFrame to themisa_2015_avg_300_omni.pkl
Processing file 16/154: cluster3_2004_avg_300_omni.dat
Saved DataFrame to cluster3_2004_avg_300_omni.pkl
Processing file 17/154: geotail_2000_avg_900_omni.dat
Saved DataFrame to geotail_2000_avg_900_omni.pkl
Processing file 18/154: rbspb_2013_avg_300_omni.dat
Saved DataFrame to rbspb_2013_avg_300_omni.pkl
Processing file 19/154: cluster1_2014_avg_300_omni.dat
Saved DataFrame to cluster1_2014_avg_300_omni.pkl
Processing file 20/154: cluster2_2006_avg_300_omni.dat
Saved DataFrame to cluster2_2006_avg_300_omni.pkl
Processing file 21/154: geotail_2004_avg_900_omni.dat
Saved DataFrame to geotail_2004_avg_900_omni.pkl
Processing file 22/154: geotail_1995_avg_900_omni.dat
Saved DataFrame to geotail_1995_avg_900_omni.pkl
Processing file 23/154: cluster1_2010_avg_300_omni.dat
Saved DataFrame to cluster1_2010_avg_300_omni.pkl
Processing file 24/154: cluster2_2002_avg_300_omni.dat
Saved DataFrame to cluster2_2002_avg_300_omni.pkl
Processing file 25/154: goes9_1995_avg_900_omni.dat
Saved DataFrame to goes9_1995_avg_900_omni.pkl
Processing file 26/154: imp8_1996_avg_900_omni.dat
Saved DataFrame to imp8_1996_avg_900_omni.pkl
Processing file 27/154: cluster4_2007_avg_300_omni.dat
Saved DataFrame to cluster4_2007_avg_300_omni.pkl
Processing file 28/154: goes8_1997_avg_900_omni.dat
Saved DataFrame to goes8_1997_avg_900_omni.pkl
Processing file 29/154: themisa_2011_avg_300_omni.dat
Saved DataFrame to themisa_2011_avg_300_omni.pkl
Processing file 30/154: cluster2_2009_avg_300_omni.dat
Saved DataFrame to cluster2_2009_avg_300_omni.pkl
Processing file 31/154: cluster4_2013_avg_300_omni.dat
Saved DataFrame to cluster4_2013_avg_300_omni.pkl
Processing file 32/154: themise_2010_avg_300_omni.dat
Saved DataFrame to themise_2010_avg_300_omni.pkl
Processing file 33/154: cluster3_2014_avg_300_omni.dat
Saved DataFrame to cluster3_2014_avg_300_omni.pkl
Processing file 34/154: goes10_2005_avg_900_omni.dat
Saved DataFrame to goes10_2005_avg_900_omni.pkl
Processing file 35/154: themisb_2008_avg_300_omni.dat
Saved DataFrame to themisb_2008_avg_300_omni.pkl
Processing file 36/154: themisd_2012_avg_300_omni.dat
Saved DataFrame to themisd_2012_avg_300_omni.pkl
Processing file 37/154: polar_2004_avg_300_omni.dat
Saved DataFrame to polar_2004_avg_300_omni.pkl
Processing file 38/154: cluster1_2004_avg_300_omni.dat
Saved DataFrame to cluster1_2004_avg_300_omni.pkl
Processing file 39/154: themisd_2008_avg_300_omni.dat
Saved DataFrame to themisd_2008_avg_300_omni.pkl
Processing file 40/154: cluster3_2011_avg_300_omni.dat
Saved DataFrame to cluster3_2011_avg_300_omni.pkl
Processing file 41/154: themise_2015_avg_300_omni.dat
Saved DataFrame to themise_2015_avg_300_omni.pkl
Processing file 42/154: imp8_1998_avg_900_omni.dat
Saved DataFrame to imp8_1998_avg_900_omni.pkl
Processing file 43/154: rbspa_2014_avg_300_omni.dat
Saved DataFrame to rbspa_2014_avg_300_omni.pkl
Processing file 44/154: themisc_2010_avg_300_omni.dat
Saved DataFrame to themisc_2010_avg_300_omni.pkl
Processing file 45/154: cluster2_2013_avg_300_omni.dat
Saved DataFrame to cluster2_2013_avg_300_omni.pkl
Processing file 46/154: cluster4_2009_avg_300_omni.dat
Saved DataFrame to cluster4_2009_avg_300_omni.pkl
Processing file 47/154: cluster1_2001_avg_300_omni.dat
Saved DataFrame to cluster1_2001_avg_300_omni.pkl
Processing file 48/154: goes8_1999_avg_900_omni.dat
Saved DataFrame to goes8_1999_avg_900_omni.pkl
Processing file 49/154: goes10_2000_avg_900_omni.dat
Saved DataFrame to goes10_2000_avg_900_omni.pkl
Processing file 50/154: polar_2001_avg_300_omni.dat
Saved DataFrame to polar_2001_avg_300_omni.pkl
Processing file 51/154: cluster1_2015_avg_300_omni.dat
Saved DataFrame to cluster1_2015_avg_300_omni.pkl
Processing file 52/154: cluster2_2007_avg_300_omni.dat
Saved DataFrame to cluster2_2007_avg_300_omni.pkl
Processing file 53/154: rbspb_2012_avg_300_omni.dat
Saved DataFrame to rbspb_2012_avg_300_omni.pkl
Processing file 54/154: geotail_2001_avg_900_omni.dat
Saved DataFrame to geotail_2001_avg_900_omni.pkl
Processing file 55/154: cluster3_2005_avg_300_omni.dat
Saved DataFrame to cluster3_2005_avg_300_omni.pkl
Processing file 56/154: goes8_2003_avg_900_omni.dat
Saved DataFrame to goes8_2003_avg_900_omni.pkl
Processing file 57/154: themisa_2014_avg_300_omni.dat
Saved DataFrame to themisa_2014_avg_300_omni.pkl
Processing file 58/154: cluster4_2002_avg_300_omni.dat
Saved DataFrame to cluster4_2002_avg_300_omni.pkl
Processing file 59/154: goes12_2004_avg_900_omni.dat
Saved DataFrame to goes12_2004_avg_900_omni.pkl
Processing file 60/154: themisa_2010_avg_300_omni.dat
Saved DataFrame to themisa_2010_avg_300_omni.pkl
Processing file 61/154: goes8_1996_avg_900_omni.dat
Saved DataFrame to goes8_1996_avg_900_omni.pkl
Processing file 62/154: cluster3_2001_avg_300_omni.dat
Saved DataFrame to cluster3_2001_avg_300_omni.pkl
Processing file 63/154: cluster4_2006_avg_300_omni.dat
Saved DataFrame to cluster4_2006_avg_300_omni.pkl
Processing file 64/154: rbspb_2016_avg_300_omni.dat
Saved DataFrame to rbspb_2016_avg_300_omni.pkl
Processing file 65/154: imp8_1997_avg_900_omni.dat
Saved DataFrame to imp8_1997_avg_900_omni.pkl
Processing file 66/154: cluster1_2011_avg_300_omni.dat
Saved DataFrame to cluster1_2011_avg_300_omni.pkl
Processing file 67/154: cluster2_2003_avg_300_omni.dat
Saved DataFrame to cluster2_2003_avg_300_omni.pkl
Processing file 68/154: geotail_1994_avg_900_omni.dat
Saved DataFrame to geotail_1994_avg_900_omni.pkl
Processing file 69/154: geotail_2005_avg_900_omni.dat
Saved DataFrame to geotail_2005_avg_900_omni.pkl
Processing file 70/154: cluster1_2005_avg_300_omni.dat
Saved DataFrame to cluster1_2005_avg_300_omni.pkl
Processing file 71/154: themisb_2009_avg_300_omni.dat
Saved DataFrame to themisb_2009_avg_300_omni.pkl
Processing file 72/154: themisd_2013_avg_300_omni.dat
Saved DataFrame to themisd_2013_avg_300_omni.pkl
Processing file 73/154: polar_2005_avg_300_omni.dat
Saved DataFrame to polar_2005_avg_300_omni.pkl
Processing file 74/154: goes10_2004_avg_900_omni.dat
Saved DataFrame to goes10_2004_avg_900_omni.pkl
Processing file 75/154: cluster3_2015_avg_300_omni.dat
Saved DataFrame to cluster3_2015_avg_300_omni.pkl
Processing file 76/154: themise_2011_avg_300_omni.dat
Saved DataFrame to themise_2011_avg_300_omni.pkl
Processing file 77/154: cluster2_2008_avg_300_omni.dat
Saved DataFrame to cluster2_2008_avg_300_omni.pkl
Processing file 78/154: cluster4_2012_avg_300_omni.dat
Saved DataFrame to cluster4_2012_avg_300_omni.pkl
Processing file 79/154: cluster2_2004_avg_300_omni.dat
Saved DataFrame to cluster2_2004_avg_300_omni.pkl
Processing file 80/154: geotail_2002_avg_900_omni.dat
Saved DataFrame to geotail_2002_avg_900_omni.pkl
Processing file 81/154: themisa_2008_avg_300_omni.dat
Saved DataFrame to themisa_2008_avg_300_omni.pkl
Processing file 82/154: goes10_1999_avg_900_omni.dat
Saved DataFrame to goes10_1999_avg_900_omni.pkl
Processing file 83/154: goes8_2000_avg_900_omni.dat
Saved DataFrame to goes8_2000_avg_900_omni.pkl
Processing file 84/154: polar_1998_avg_300_omni.dat
Saved DataFrame to polar_1998_avg_300_omni.pkl
Processing file 85/154: cluster3_2006_avg_300_omni.dat
Saved DataFrame to cluster3_2006_avg_300_omni.pkl
Processing file 86/154: cluster4_2001_avg_300_omni.dat
Saved DataFrame to cluster4_2001_avg_300_omni.pkl
Processing file 87/154: cluster1_2009_avg_300_omni.dat
Saved DataFrame to cluster1_2009_avg_300_omni.pkl
Processing file 88/154: cluster3_2012_avg_300_omni.dat
Saved DataFrame to cluster3_2012_avg_300_omni.pkl
Processing file 89/154: geotail_1998_avg_900_omni.dat
Saved DataFrame to geotail_1998_avg_900_omni.pkl
Processing file 90/154: themisb_2011_avg_300_omni.dat
Saved DataFrame to themisb_2011_avg_300_omni.pkl
Processing file 91/154: cluster4_2015_avg_300_omni.dat
Saved DataFrame to cluster4_2015_avg_300_omni.pkl
Processing file 92/154: goes9_1998_avg_900_omni.dat
Saved DataFrame to goes9_1998_avg_900_omni.pkl
Processing file 93/154: cluster1_2002_avg_300_omni.dat
Saved DataFrame to cluster1_2002_avg_300_omni.pkl
Processing file 94/154: cluster2_2010_avg_300_omni.dat
Saved DataFrame to cluster2_2010_avg_300_omni.pkl
Processing file 95/154: themise_2009_avg_300_omni.dat
Saved DataFrame to themise_2009_avg_300_omni.pkl
Processing file 96/154: themisd_2014_avg_300_omni.dat
Saved DataFrame to themisd_2014_avg_300_omni.pkl
Processing file 97/154: polar_2002_avg_300_omni.dat
Saved DataFrame to polar_2002_avg_300_omni.pkl
Processing file 98/154: goes10_2003_avg_900_omni.dat
Saved DataFrame to goes10_2003_avg_900_omni.pkl
Processing file 99/154: rbspa_2013_avg_300_omni.dat
Saved DataFrame to rbspa_2013_avg_300_omni.pkl
Processing file 100/154: cluster1_2006_avg_300_omni.dat
Saved DataFrame to cluster1_2006_avg_300_omni.pkl
Processing file 101/154: cluster2_2014_avg_300_omni.dat
Saved DataFrame to cluster2_2014_avg_300_omni.pkl
Processing file 102/154: cluster3_2009_avg_300_omni.dat
Saved DataFrame to cluster3_2009_avg_300_omni.pkl
Processing file 103/154: polar_1997_avg_300_omni.dat
Saved DataFrame to polar_1997_avg_300_omni.pkl
Processing file 104/154: polar_2006_avg_300_omni.dat
Saved DataFrame to polar_2006_avg_300_omni.pkl
Processing file 105/154: themisd_2010_avg_300_omni.dat
Saved DataFrame to themisd_2010_avg_300_omni.pkl
Processing file 106/154: cluster4_2011_avg_300_omni.dat
Saved DataFrame to cluster4_2011_avg_300_omni.pkl
Processing file 107/154: themise_2012_avg_300_omni.dat
Saved DataFrame to themise_2012_avg_300_omni.pkl
Processing file 108/154: themisc_2008_avg_300_omni.dat
Saved DataFrame to themisc_2008_avg_300_omni.pkl
Processing file 109/154: goes8_1995_avg_900_omni.dat
Saved DataFrame to goes8_1995_avg_900_omni.pkl
Processing file 110/154: cluster3_2002_avg_300_omni.dat
Saved DataFrame to cluster3_2002_avg_300_omni.pkl
Processing file 111/154: themisa_2013_avg_300_omni.dat
Saved DataFrame to themisa_2013_avg_300_omni.pkl
Processing file 112/154: cluster4_2005_avg_300_omni.dat
Saved DataFrame to cluster4_2005_avg_300_omni.pkl
Processing file 113/154: goes12_2003_avg_900_omni.dat
Saved DataFrame to goes12_2003_avg_900_omni.pkl
Processing file 114/154: goes9_1997_avg_900_omni.dat
Saved DataFrame to goes9_1997_avg_900_omni.pkl
Processing file 115/154: cluster1_2012_avg_300_omni.dat
Saved DataFrame to cluster1_2012_avg_300_omni.pkl
Processing file 116/154: rbspb_2015_avg_300_omni.dat
Saved DataFrame to rbspb_2015_avg_300_omni.pkl
Processing file 117/154: geotail_1997_avg_900_omni.dat
Saved DataFrame to geotail_1997_avg_900_omni.pkl
Processing file 118/154: cluster1_2008_avg_300_omni.dat
Saved DataFrame to cluster1_2008_avg_300_omni.pkl
Processing file 119/154: cluster3_2007_avg_300_omni.dat
Saved DataFrame to cluster3_2007_avg_300_omni.pkl
Processing file 120/154: polar_1999_avg_300_omni.dat
Saved DataFrame to polar_1999_avg_300_omni.pkl
Processing file 121/154: goes8_2001_avg_900_omni.dat
Saved DataFrame to goes8_2001_avg_900_omni.pkl
Processing file 122/154: geotail_2003_avg_900_omni.dat
Saved DataFrame to geotail_2003_avg_900_omni.pkl
Processing file 123/154: themisa_2009_avg_300_omni.dat
Saved DataFrame to themisa_2009_avg_300_omni.pkl
Processing file 124/154: imp8_2000_avg_900_omni.dat
Saved DataFrame to imp8_2000_avg_900_omni.pkl
Processing file 125/154: cluster2_2005_avg_300_omni.dat
Saved DataFrame to cluster2_2005_avg_300_omni.pkl
Processing file 126/154: goes10_2002_avg_900_omni.dat
Saved DataFrame to goes10_2002_avg_900_omni.pkl
Processing file 127/154: themisd_2015_avg_300_omni.dat
Saved DataFrame to themisd_2015_avg_300_omni.pkl
Processing file 128/154: polar_2003_avg_300_omni.dat
Saved DataFrame to polar_2003_avg_300_omni.pkl
Processing file 129/154: themise_2008_avg_300_omni.dat
Saved DataFrame to themise_2008_avg_300_omni.pkl
Processing file 130/154: rbspa_2016_avg_300_omni.dat
Saved DataFrame to rbspa_2016_avg_300_omni.pkl
Processing file 131/154: cluster1_2003_avg_300_omni.dat
Saved DataFrame to cluster1_2003_avg_300_omni.pkl
Processing file 132/154: cluster2_2011_avg_300_omni.dat
Saved DataFrame to cluster2_2011_avg_300_omni.pkl
Processing file 133/154: cluster4_2014_avg_300_omni.dat
Saved DataFrame to cluster4_2014_avg_300_omni.pkl
Processing file 134/154: themisb_2010_avg_300_omni.dat
Saved DataFrame to themisb_2010_avg_300_omni.pkl
Processing file 135/154: geotail_1999_avg_900_omni.dat
Saved DataFrame to geotail_1999_avg_900_omni.pkl
Processing file 136/154: cluster3_2013_avg_300_omni.dat
Saved DataFrame to cluster3_2013_avg_300_omni.pkl
Processing file 137/154: themise_2013_avg_300_omni.dat
Saved DataFrame to themise_2013_avg_300_omni.pkl
Processing file 138/154: themisc_2009_avg_300_omni.dat
Saved DataFrame to themisc_2009_avg_300_omni.pkl
Processing file 139/154: cluster4_2010_avg_300_omni.dat
Saved DataFrame to cluster4_2010_avg_300_omni.pkl
Processing file 140/154: themisd_2011_avg_300_omni.dat
Saved DataFrame to themisd_2011_avg_300_omni.pkl
Processing file 141/154: polar_1996_avg_300_omni.dat
Saved DataFrame to polar_1996_avg_300_omni.pkl
Processing file 142/154: cluster3_2008_avg_300_omni.dat
Saved DataFrame to cluster3_2008_avg_300_omni.pkl
Processing file 143/154: cluster1_2007_avg_300_omni.dat
Saved DataFrame to cluster1_2007_avg_300_omni.pkl
Processing file 144/154: cluster2_2015_avg_300_omni.dat
Saved DataFrame to cluster2_2015_avg_300_omni.pkl
Processing file 145/154: rbspa_2012_avg_300_omni.dat
Saved DataFrame to rbspa_2012_avg_300_omni.pkl
Processing file 146/154: geotail_1996_avg_900_omni.dat
Saved DataFrame to geotail_1996_avg_900_omni.pkl
Processing file 147/154: imp8_1995_avg_900_omni.dat
Saved DataFrame to imp8_1995_avg_900_omni.pkl
Processing file 148/154: rbspb_2014_avg_300_omni.dat
Saved DataFrame to rbspb_2014_avg_300_omni.pkl
Processing file 149/154: cluster2_2001_avg_300_omni.dat
Saved DataFrame to cluster2_2001_avg_300_omni.pkl
Processing file 150/154: cluster1_2013_avg_300_omni.dat
Saved DataFrame to cluster1_2013_avg_300_omni.pkl
Processing file 151/154: goes9_1996_avg_900_omni.dat
Saved DataFrame to goes9_1996_avg_900_omni.pkl
Processing file 152/154: cluster4_2004_avg_300_omni.dat
Saved DataFrame to cluster4_2004_avg_300_omni.pkl
Processing file 153/154: themisa_2012_avg_300_omni.dat
Saved DataFrame to themisa_2012_avg_300_omni.pkl
Processing file 154/154: cluster3_2003_avg_300_omni.dat
Saved DataFrame to cluster3_2003_avg_300_omni.pkl
All files pickled successfully
